# JRE version: OpenJDK Runtime Environment (11.0.11+9) (build 11.0.11+9-b60-7590822)
# Java VM: OpenJDK 64-Bit Server VM (11.0.11+9-b60-7590822, mixed mode, tiered, compressed oops, g1 gc, windows-amd64)
Heap:
 garbage-first heap   total 162816K, used 20593K [0x0000000083800000, 0x0000000100000000)
  region size 1024K, 2 young (2048K), 2 survivors (2048K)
 Metaspace       used 36375K, capacity 36775K, committed 36912K, reserved 1081344K
  class space    used 4554K, capacity 4720K, committed 4736K, reserved 1048576K
GC Heap History (9 events):
Event: 0.425 GC heap before
{Heap before GC invocations=0 (full 0):
 garbage-first heap   total 129024K, used 27648K [0x0000000083800000, 0x0000000100000000)
  region size 1024K, 24 young (24576K), 0 survivors (0K)
 Metaspace       used 12394K, capacity 12504K, committed 12800K, reserved 1060864K
  class space    used 1168K, capacity 1207K, committed 1280K, reserved 1048576K
}
Event: 0.428 GC heap after
{Heap after GC invocations=1 (full 0):
 garbage-first heap   total 129024K, used 5772K [0x0000000083800000, 0x0000000100000000)
  region size 1024K, 3 young (3072K), 3 survivors (3072K)
 Metaspace       used 12394K, capacity 12504K, committed 12800K, reserved 1060864K
  class space    used 1168K, capacity 1207K, committed 1280K, reserved 1048576K
}
Event: 0.894 GC heap before
{Heap before GC invocations=1 (full 0):
 garbage-first heap   total 129024K, used 41612K [0x0000000083800000, 0x0000000100000000)
  region size 1024K, 39 young (39936K), 3 survivors (3072K)
 Metaspace       used 20904K, capacity 21143K, committed 21296K, reserved 1069056K
  class space    used 2226K, capacity 2352K, committed 2432K, reserved 1048576K
}
Event: 0.904 GC heap after
{Heap after GC invocations=2 (full 0):
 garbage-first heap   total 129024K, used 9216K [0x0000000083800000, 0x0000000100000000)
  region size 1024K, 6 young (6144K), 6 survivors (6144K)
 Metaspace       used 20904K, capacity 21143K, committed 21296K, reserved 1069056K
  class space    used 2226K, capacity 2352K, committed 2432K, reserved 1048576K
}
Event: 1.625 GC heap before
{Heap before GC invocations=3 (full 0):
 garbage-first heap   total 129024K, used 64512K [0x0000000083800000, 0x0000000100000000)
  region size 1024K, 55 young (56320K), 6 survivors (6144K)
 Metaspace       used 32645K, capacity 33047K, committed 33328K, reserved 1079296K
  class space    used 4014K, capacity 4202K, committed 4224K, reserved 1048576K
}
Event: 1.642 GC heap after
{Heap after GC invocations=4 (full 0):
 garbage-first heap   total 129024K, used 20642K [0x0000000083800000, 0x0000000100000000)
  region size 1024K, 7 young (7168K), 7 survivors (7168K)
 Metaspace       used 32645K, capacity 33047K, committed 33328K, reserved 1079296K
  class space    used 4014K, capacity 4202K, committed 4224K, reserved 1048576K
}
Event: 1.765 GC heap before
{Heap before GC invocations=4 (full 0):
 garbage-first heap   total 129024K, used 29858K [0x0000000083800000, 0x0000000100000000)
  region size 1024K, 17 young (17408K), 7 survivors (7168K)
 Metaspace       used 35279K, capacity 35708K, committed 35888K, reserved 1081344K
  class space    used 4436K, capacity 4620K, committed 4736K, reserved 1048576K
}
Event: 1.777 GC heap after
{Heap after GC invocations=5 (full 0):
 garbage-first heap   total 129024K, used 21742K [0x0000000083800000, 0x0000000100000000)
  region size 1024K, 5 young (5120K), 5 survivors (5120K)
 Metaspace       used 35279K, capacity 35708K, committed 35888K, reserved 1081344K
  class space    used 4436K, capacity 4620K, committed 4736K, reserved 1048576K
}
Event: 1.862 GC heap before
{Heap before GC invocations=6 (full 0):
 garbage-first heap   total 129024K, used 28910K [0x0000000083800000, 0x0000000100000000)
  region size 1024K, 12 young (12288K), 5 survivors (5120K)
 Metaspace       used 36375K, capacity 36775K, committed 36912K, reserved 1081344K
  class space    used 4554K, capacity 4720K, committed 4736K, reserved 1048576K
}

