# JRE version: OpenJDK Runtime Environment (11.0.11+9) (build 11.0.11+9-b60-7590822)
# Java VM: OpenJDK 64-Bit Server VM (11.0.11+9-b60-7590822, mixed mode, tiered, compressed oops, g1 gc, windows-amd64)
Heap:
 garbage-first heap   total 161792K, used 23836K [0x0000000083800000, 0x0000000100000000)
  region size 1024K, 5 young (5120K), 5 survivors (5120K)
 Metaspace       used 43246K, capacity 43787K, committed 44080K, reserved 1087488K
  class space    used 5219K, capacity 5434K, committed 5504K, reserved 1048576K
GC Heap History (9 events):
Event: 0.429 GC heap before
{Heap before GC invocations=0 (full 0):
 garbage-first heap   total 129024K, used 27648K [0x0000000083800000, 0x0000000100000000)
  region size 1024K, 24 young (24576K), 0 survivors (0K)
 Metaspace       used 12387K, capacity 12504K, committed 12800K, reserved 1060864K
  class space    used 1168K, capacity 1207K, committed 1280K, reserved 1048576K
}
Event: 0.433 GC heap after
{Heap after GC invocations=1 (full 0):
 garbage-first heap   total 129024K, used 5951K [0x0000000083800000, 0x0000000100000000)
  region size 1024K, 3 young (3072K), 3 survivors (3072K)
 Metaspace       used 12387K, capacity 12504K, committed 12800K, reserved 1060864K
  class space    used 1168K, capacity 1207K, committed 1280K, reserved 1048576K
}
Event: 0.938 GC heap before
{Heap before GC invocations=1 (full 0):
 garbage-first heap   total 129024K, used 41791K [0x0000000083800000, 0x0000000100000000)
  region size 1024K, 39 young (39936K), 3 survivors (3072K)
 Metaspace       used 20920K, capacity 21109K, committed 21296K, reserved 1069056K
  class space    used 2222K, capacity 2319K, committed 2432K, reserved 1048576K
}
Event: 0.950 GC heap after
{Heap after GC invocations=2 (full 0):
 garbage-first heap   total 129024K, used 9216K [0x0000000083800000, 0x0000000100000000)
  region size 1024K, 6 young (6144K), 6 survivors (6144K)
 Metaspace       used 20920K, capacity 21109K, committed 21296K, reserved 1069056K
  class space    used 2222K, capacity 2319K, committed 2432K, reserved 1048576K
}
Event: 1.696 GC heap before
{Heap before GC invocations=3 (full 0):
 garbage-first heap   total 129024K, used 63488K [0x0000000083800000, 0x0000000100000000)
  region size 1024K, 54 young (55296K), 6 survivors (6144K)
 Metaspace       used 32435K, capacity 32918K, committed 33200K, reserved 1079296K
  class space    used 3896K, capacity 4074K, committed 4096K, reserved 1048576K
}
Event: 1.712 GC heap after
{Heap after GC invocations=4 (full 0):
 garbage-first heap   total 129024K, used 20794K [0x0000000083800000, 0x0000000100000000)
  region size 1024K, 7 young (7168K), 7 survivors (7168K)
 Metaspace       used 32435K, capacity 32918K, committed 33200K, reserved 1079296K
  class space    used 3896K, capacity 4074K, committed 4096K, reserved 1048576K
}
Event: 1.831 GC heap before
{Heap before GC invocations=4 (full 0):
 garbage-first heap   total 129024K, used 30010K [0x0000000083800000, 0x0000000100000000)
  region size 1024K, 17 young (17408K), 7 survivors (7168K)
 Metaspace       used 35271K, capacity 35708K, committed 35888K, reserved 1081344K
  class space    used 4429K, capacity 4620K, committed 4736K, reserved 1048576K
}
Event: 1.840 GC heap after
{Heap after GC invocations=5 (full 0):
 garbage-first heap   total 129024K, used 22490K [0x0000000083800000, 0x0000000100000000)
  region size 1024K, 2 young (2048K), 2 survivors (2048K)
 Metaspace       used 35271K, capacity 35708K, committed 35888K, reserved 1081344K
  class space    used 4429K, capacity 4620K, committed 4736K, reserved 1048576K
}
Event: 2.333 GC heap before
{Heap before GC invocations=6 (full 0):
 garbage-first heap   total 129024K, used 65498K [0x0000000083800000, 0x0000000100000000)
  region size 1024K, 44 young (45056K), 2 survivors (2048K)
 Metaspace       used 43246K, capacity 43787K, committed 44080K, reserved 1087488K
  class space    used 5219K, capacity 5434K, committed 5504K, reserved 1048576K
}

